<?xml version="1.0" encoding="UTF-8"?>
<!-- Generated by org.testng.reporters.JUnitReportReporter -->
<testsuite skipped="0" hostname="DESKTOP-VRUGIES" name="com.Wallethu2.testCases.TC_LoginTest_001" tests="1" failures="0" timestamp="17 May 2022 11:18:03 GMT" time="70.579" errors="0">
  <testcase name="loginTest" time="70.579" classname="com.Wallethu2.testCases.TC_LoginTest_001"/>
</testsuite> <!-- com.Wallethu2.testCases.TC_LoginTest_001 -->
